[debug] [2024-02-16T01:48:12.264Z] ----------------------------------------------------------------------
[debug] [2024-02-16T01:48:12.269Z] Command:       C:\Program Files\nodejs\node.exe C:\Users\moham\AppData\Roaming\npm\node_modules\firebase-tools\lib\bin\firebase.js init
[debug] [2024-02-16T01:48:12.270Z] CLI Version:   13.3.0
[debug] [2024-02-16T01:48:12.270Z] Platform:      win32
[debug] [2024-02-16T01:48:12.271Z] Node Version:  v20.10.0
[debug] [2024-02-16T01:48:12.271Z] Time:          Thu Feb 15 2024 19:48:12 GMT-0600 (Central Standard Time)
[debug] [2024-02-16T01:48:12.271Z] ----------------------------------------------------------------------
[debug] 
[debug] [2024-02-16T01:48:12.399Z] > command requires scopes: ["email","openid","https://www.googleapis.com/auth/cloudplatformprojects.readonly","https://www.googleapis.com/auth/firebase","https://www.googleapis.com/auth/cloud-platform"]
[debug] [2024-02-16T01:48:12.400Z] > authorizing via signed-in user (fetiyaa34@gmail.com)
[info] 
     ######## #### ########  ######## ########     ###     ######  ########
     ##        ##  ##     ## ##       ##     ##  ##   ##  ##       ##
     ######    ##  ########  ######   ########  #########  ######  ######
     ##        ##  ##    ##  ##       ##     ## ##     ##       ## ##
     ##       #### ##     ## ######## ########  ##     ##  ######  ########

You're about to initialize a Firebase project in this directory:

  C:\Users\moham\OneDrive\Desktop\EVANGADI\Project-2\client

Before we get started, keep in mind:

  * You are initializing within an existing Firebase project directory

[info] 
=== Project Setup
[info] 
[info] First, let's associate this project directory with a Firebase project.
[info] You can create multiple project aliases by running firebase use --add, 
[info] but for now we'll just set up a default project.
[info] 
[debug] [2024-02-16T01:50:56.694Z] Using project from CLI flag: clone-c60ec
[debug] [2024-02-16T01:50:56.699Z] >>> [apiv2][query] GET https://firebase.googleapis.com/v1beta1/projects/clone-c60ec [none]
[debug] [2024-02-16T01:50:57.043Z] <<< [apiv2][status] GET https://firebase.googleapis.com/v1beta1/projects/clone-c60ec 403
[debug] [2024-02-16T01:50:57.044Z] <<< [apiv2][body] GET https://firebase.googleapis.com/v1beta1/projects/clone-c60ec {"error":{"code":403,"message":"The caller does not have permission","status":"PERMISSION_DENIED"}}
[debug] [2024-02-16T01:50:57.044Z] HTTP Error: 403, The caller does not have permission
[debug] [2024-02-16T01:50:57.144Z] FirebaseError: HTTP Error: 403, The caller does not have permission
    at responseToError (C:\Users\moham\AppData\Roaming\npm\node_modules\firebase-tools\lib\responseToError.js:49:12)
    at RetryOperation._fn (C:\Users\moham\AppData\Roaming\npm\node_modules\firebase-tools\lib\apiv2.js:292:77)
    at process.processTicksAndRejections (node:internal/process/task_queues:95:5)
[error] 
[error] Error: Failed to get Firebase project clone-c60ec. Please make sure the project exists and your account has permission to access it.
